app/build/outputs/logs/manifest-merger-debug-report.txt
-- Merging decision tree log ---
manifest
ADDED from src/main/AndroidManifest.xml:2:1-52:12
INJECTED from src/main/AndroidManifest.xml:2:1-52:12
INJECTED from src/main/AndroidManifest.xml:2:1-52:12
INJECTED from src/main/AndroidManifest.xml:2:1-52:12
INJECTED from src/main/AndroidManifest.xml:2:1-52:12
INJECTED from src/main/AndroidManifest.xml:2:1-52:12
INJECTED from src/main/AndroidManifest.xml:2:1-52:12
	package
		ADDED from src/main/AndroidManifest.xml:3:2-34
		INJECTED from src/main/AndroidManifest.xml
		INJECTED from src/main/AndroidManifest.xml
	android:versionName
		ADDED from src/main/AndroidManifest.xml:4:2-27
		INJECTED from src/main/AndroidManifest.xml
		INJECTED from src/main/AndroidManifest.xml
	xmlns:android
		ADDED from src/main/AndroidManifest.xml:2:11-69
	android:versionCode
		ADDED from src/main/AndroidManifest.xml:3:35-58
		INJECTED from src/main/AndroidManifest.xml
		INJECTED from src/main/AndroidManifest.xml
application
ADDED from src/main/AndroidManifest.xml:5:2-49:16
	android:label
		ADDED from src/main/AndroidManifest.xml:7:3-35
	android:icon
		ADDED from src/main/AndroidManifest.xml:6:3-32
	android:name
		ADDED from src/main/AndroidManifest.xml:8:3-30
activity#com.hrw.android.player.activity.SplashscreenActivity
ADDED from src/main/AndroidManifest.xml:9:8-16:20
	android:screenOrientation
		ADDED from src/main/AndroidManifest.xml:11:6-42
	android:theme
		ADDED from src/main/AndroidManifest.xml:9:18-76
	android:name
		ADDED from src/main/AndroidManifest.xml:10:6-51
intent-filter#action:name:android.intent.action.MAIN+category:name:android.intent.category.LAUNCHER
ADDED from src/main/AndroidManifest.xml:12:13-15:29
action#android.intent.action.MAIN
ADDED from src/main/AndroidManifest.xml:13:17-69
	android:name
		ADDED from src/main/AndroidManifest.xml:13:25-66
category#android.intent.category.LAUNCHER
ADDED from src/main/AndroidManifest.xml:14:17-77
	android:name
		ADDED from src/main/AndroidManifest.xml:14:27-74
activity#com.hrw.android.player.activity.HomeActivity
ADDED from src/main/AndroidManifest.xml:17:3-32:24
	android:screenOrientation
		ADDED from src/main/AndroidManifest.xml:18:37-73
	android:label
		ADDED from src/main/AndroidManifest.xml:18:4-36
	android:name
		ADDED from src/main/AndroidManifest.xml:17:13-50
intent-filter#action:name:android.intent.action.VIEW+category:name:android.intent.category.DEFAULT
ADDED from src/main/AndroidManifest.xml:19:4-22:20
action#android.intent.action.VIEW
ADDED from src/main/AndroidManifest.xml:20:5-57
	android:name
		ADDED from src/main/AndroidManifest.xml:20:13-54
category#android.intent.category.DEFAULT
ADDED from src/main/AndroidManifest.xml:21:17-76
	android:name
		ADDED from src/main/AndroidManifest.xml:21:27-73
activity#com.hrw.android.player.activity.MenuActivity
ADDED from src/main/AndroidManifest.xml:33:3-53
	android:name
		ADDED from src/main/AndroidManifest.xml:33:13-50
activity#com.hrw.android.player.activity.MenuListActivity
ADDED from src/main/AndroidManifest.xml:34:3-57
	android:name
		ADDED from src/main/AndroidManifest.xml:34:13-54
activity#com.hrw.android.player.activity.MusicListActivity
ADDED from src/main/AndroidManifest.xml:35:3-58
	android:name
		ADDED from src/main/AndroidManifest.xml:35:13-55
activity#com.hrw.android.player.activity.PlayerActivity
ADDED from src/main/AndroidManifest.xml:36:3-91
	android:screenOrientation
		ADDED from src/main/AndroidManifest.xml:36:53-89
	android:name
		ADDED from src/main/AndroidManifest.xml:36:13-52
activity#com.hrw.android.player.activity.PlaylistActivity
ADDED from src/main/AndroidManifest.xml:37:3-57
	android:name
		ADDED from src/main/AndroidManifest.xml:37:13-54
activity#com.hrw.android.player.activity.LocalMusicListActivity
ADDED from src/main/AndroidManifest.xml:38:3-63
	android:name
		ADDED from src/main/AndroidManifest.xml:38:13-60
activity#com.hrw.android.player.activity.SearchMusicActivity
ADDED from src/main/AndroidManifest.xml:39:3-60
	android:name
		ADDED from src/main/AndroidManifest.xml:39:13-57
provider#com.hrw.android.player.db.DataBaseProvider
ADDED from src/main/AndroidManifest.xml:47:3-48:71
	android:authorities
		ADDED from src/main/AndroidManifest.xml:48:4-68
	android:name
		ADDED from src/main/AndroidManifest.xml:47:13-48